
  .   ____          _            __ _ _
 /\\ / ___'_ __ _ _(_)_ __  __ _ \ \ \ \
( ( )\___ | '_ | '_| | '_ \/ _` | \ \ \ \
 \\/  ___)| |_)| | | | | || (_| |  ) ) ) )
  '  |____| .__|_| |_|_| |_\__, | / / / /
 =========|_|==============|___/=/_/_/_/

 :: Spring Boot ::                (v4.0.6)

2026-04-29T21:48:05.560+08:00  INFO 18916 --- [enterprise-website] [           main] c.e.e.EnterpriseWebsiteApplication       : Starting EnterpriseWebsiteApplication v1.0.0 using Java 21.0.2 with PID 18916 (C:\Users\hbs\own\Course\软件开发实践\2026\ppt\project\backend\target\enterprise-website-1.0.0.jar started by hbs in C:\Users\hbs\own\Course\软件开发实践\2026\ppt\project\backend)
2026-04-29T21:48:05.563+08:00  INFO 18916 --- [enterprise-website] [           main] c.e.e.EnterpriseWebsiteApplication       : No active profile set, falling back to 1 default profile: "default"
2026-04-29T21:48:06.164+08:00  INFO 18916 --- [enterprise-website] [           main] .s.d.r.c.RepositoryConfigurationDelegate : Multiple Spring Data modules found, entering strict repository configuration mode
2026-04-29T21:48:06.166+08:00  INFO 18916 --- [enterprise-website] [           main] .s.d.r.c.RepositoryConfigurationDelegate : Bootstrapping Spring Data JPA repositories in DEFAULT mode.
2026-04-29T21:48:06.268+08:00  INFO 18916 --- [enterprise-website] [           main] .s.d.r.c.RepositoryConfigurationDelegate : Finished Spring Data repository scanning in 96 ms. Found 14 JPA repository interfaces.
2026-04-29T21:48:06.309+08:00  INFO 18916 --- [enterprise-website] [           main] .s.d.r.c.RepositoryConfigurationDelegate : Multiple Spring Data modules found, entering strict repository configuration mode
2026-04-29T21:48:06.311+08:00  INFO 18916 --- [enterprise-website] [           main] .s.d.r.c.RepositoryConfigurationDelegate : Bootstrapping Spring Data Redis repositories in DEFAULT mode.
2026-04-29T21:48:06.329+08:00  INFO 18916 --- [enterprise-website] [           main] .RepositoryConfigurationExtensionSupport : Spring Data Redis - Could not safely identify store assignment for repository candidate interface com.example.enterprise.repository.BannerRepository; If you want this repository to be a Redis repository, consider annotating your entities with one of these annotations: org.springframework.data.redis.core.RedisHash (preferred), or consider extending one of the following types with your repository: org.springframework.data.keyvalue.repository.KeyValueRepository
2026-04-29T21:48:06.330+08:00  INFO 18916 --- [enterprise-website] [           main] .RepositoryConfigurationExtensionSupport : Spring Data Redis - Could not safely identify store assignment for repository candidate interface com.example.enterprise.repository.CompanyInfoRepository; If you want this repository to be a Redis repository, consider annotating your entities with one of these annotations: org.springframework.data.redis.core.RedisHash (preferred), or consider extending one of the following types with your repository: org.springframework.data.keyvalue.repository.KeyValueRepository
2026-04-29T21:48:06.330+08:00  INFO 18916 --- [enterprise-website] [           main] .RepositoryConfigurationExtensionSupport : Spring Data Redis - Could not safely identify store assignment for repository candidate interface com.example.enterprise.repository.CustomerRepository; If you want this repository to be a Redis repository, consider annotating your entities with one of these annotations: org.springframework.data.redis.core.RedisHash (preferred), or consider extending one of the following types with your repository: org.springframework.data.keyvalue.repository.KeyValueRepository
2026-04-29T21:48:06.330+08:00  INFO 18916 --- [enterprise-website] [           main] .RepositoryConfigurationExtensionSupport : Spring Data Redis - Could not safely identify store assignment for repository candidate interface com.example.enterprise.repository.MessageRepository; If you want this repository to be a Redis repository, consider annotating your entities with one of these annotations: org.springframework.data.redis.core.RedisHash (preferred), or consider extending one of the following types with your repository: org.springframework.data.keyvalue.repository.KeyValueRepository
2026-04-29T21:48:06.331+08:00  INFO 18916 --- [enterprise-website] [           main] .RepositoryConfigurationExtensionSupport : Spring Data Redis - Could not safely identify store assignment for repository candidate interface com.example.enterprise.repository.NewsRepository; If you want this repository to be a Redis repository, consider annotating your entities with one of these annotations: org.springframework.data.redis.core.RedisHash (preferred), or consider extending one of the following types with your repository: org.springframework.data.keyvalue.repository.KeyValueRepository
2026-04-29T21:48:06.331+08:00  INFO 18916 --- [enterprise-website] [           main] .RepositoryConfigurationExtensionSupport : Spring Data Redis - Could not safely identify store assignment for repository candidate interface com.example.enterprise.repository.OperationLogRepository; If you want this repository to be a Redis repository, consider annotating your entities with one of these annotations: org.springframework.data.redis.core.RedisHash (preferred), or consider extending one of the following types with your repository: org.springframework.data.keyvalue.repository.KeyValueRepository
2026-04-29T21:48:06.331+08:00  INFO 18916 --- [enterprise-website] [           main] .RepositoryConfigurationExtensionSupport : Spring Data Redis - Could not safely identify store assignment for repository candidate interface com.example.enterprise.repository.ProductOrderRepository; If you want this repository to be a Redis repository, consider annotating your entities with one of these annotations: org.springframework.data.redis.core.RedisHash (preferred), or consider extending one of the following types with your repository: org.springframework.data.keyvalue.repository.KeyValueRepository
2026-04-29T21:48:06.331+08:00  INFO 18916 --- [enterprise-website] [           main] .RepositoryConfigurationExtensionSupport : Spring Data Redis - Could not safely identify store assignment for repository candidate interface com.example.enterprise.repository.ProductRepository; If you want this repository to be a Redis repository, consider annotating your entities with one of these annotations: org.springframework.data.redis.core.RedisHash (preferred), or consider extending one of the following types with your repository: org.springframework.data.keyvalue.repository.KeyValueRepository
2026-04-29T21:48:06.332+08:00  INFO 18916 --- [enterprise-website] [           main] .RepositoryConfigurationExtensionSupport : Spring Data Redis - Could not safely identify store assignment for repository candidate interface com.example.enterprise.repository.ReturnRequestRepository; If you want this repository to be a Redis repository, consider annotating your entities with one of these annotations: org.springframework.data.redis.core.RedisHash (preferred), or consider extending one of the following types with your repository: org.springframework.data.keyvalue.repository.KeyValueRepository
2026-04-29T21:48:06.332+08:00  INFO 18916 --- [enterprise-website] [           main] .RepositoryConfigurationExtensionSupport : Spring Data Redis - Could not safely identify store assignment for repository candidate interface com.example.enterprise.repository.SysPermissionRepository; If you want this repository to be a Redis repository, consider annotating your entities with one of these annotations: org.springframework.data.redis.core.RedisHash (preferred), or consider extending one of the following types with your repository: org.springframework.data.keyvalue.repository.KeyValueRepository
2026-04-29T21:48:06.332+08:00  INFO 18916 --- [enterprise-website] [           main] .RepositoryConfigurationExtensionSupport : Spring Data Redis - Could not safely identify store assignment for repository candidate interface com.example.enterprise.repository.SysRolePermissionRepository; If you want this repository to be a Redis repository, consider annotating your entities with one of these annotations: org.springframework.data.redis.core.RedisHash (preferred), or consider extending one of the following types with your repository: org.springframework.data.keyvalue.repository.KeyValueRepository
2026-04-29T21:48:06.332+08:00  INFO 18916 --- [enterprise-website] [           main] .RepositoryConfigurationExtensionSupport : Spring Data Redis - Could not safely identify store assignment for repository candidate interface com.example.enterprise.repository.SysRoleRepository; If you want this repository to be a Redis repository, consider annotating your entities with one of these annotations: org.springframework.data.redis.core.RedisHash (preferred), or consider extending one of the following types with your repository: org.springframework.data.keyvalue.repository.KeyValueRepository
2026-04-29T21:48:06.333+08:00  INFO 18916 --- [enterprise-website] [           main] .RepositoryConfigurationExtensionSupport : Spring Data Redis - Could not safely identify store assignment for repository candidate interface com.example.enterprise.repository.SysUserRepository; If you want this repository to be a Redis repository, consider annotating your entities with one of these annotations: org.springframework.data.redis.core.RedisHash (preferred), or consider extending one of the following types with your repository: org.springframework.data.keyvalue.repository.KeyValueRepository
2026-04-29T21:48:06.333+08:00  INFO 18916 --- [enterprise-website] [           main] .RepositoryConfigurationExtensionSupport : Spring Data Redis - Could not safely identify store assignment for repository candidate interface com.example.enterprise.repository.SysUserRoleRepository; If you want this repository to be a Redis repository, consider annotating your entities with one of these annotations: org.springframework.data.redis.core.RedisHash (preferred), or consider extending one of the following types with your repository: org.springframework.data.keyvalue.repository.KeyValueRepository
2026-04-29T21:48:06.333+08:00  INFO 18916 --- [enterprise-website] [           main] .s.d.r.c.RepositoryConfigurationDelegate : Finished Spring Data repository scanning in 8 ms. Found 0 Redis repository interfaces.
2026-04-29T21:48:06.854+08:00  INFO 18916 --- [enterprise-website] [           main] o.s.boot.tomcat.TomcatWebServer          : Tomcat initialized with port 8080 (http)
2026-04-29T21:48:06.866+08:00  INFO 18916 --- [enterprise-website] [           main] o.apache.catalina.core.StandardService   : Starting service [Tomcat]
2026-04-29T21:48:06.866+08:00  INFO 18916 --- [enterprise-website] [           main] o.apache.catalina.core.StandardEngine    : Starting Servlet engine: [Apache Tomcat/11.0.21]
2026-04-29T21:48:06.883+08:00  INFO 18916 --- [enterprise-website] [           main] b.w.c.s.WebApplicationContextInitializer : Root WebApplicationContext: initialization completed in 1287 ms
2026-04-29T21:48:07.085+08:00  INFO 18916 --- [enterprise-website] [           main] org.hibernate.orm.jpa                    : HHH008540: Processing PersistenceUnitInfo [name: default]
2026-04-29T21:48:07.142+08:00  INFO 18916 --- [enterprise-website] [           main] org.hibernate.orm.core                   : HHH000001: Hibernate ORM core version 7.2.12.Final
2026-04-29T21:48:07.414+08:00  INFO 18916 --- [enterprise-website] [           main] o.s.o.j.p.SpringPersistenceUnitInfo      : No LoadTimeWeaver setup: ignoring JPA class transformer
2026-04-29T21:48:07.432+08:00  INFO 18916 --- [enterprise-website] [           main] com.zaxxer.hikari.HikariDataSource       : HikariPool-1 - Starting...
2026-04-29T21:48:07.488+08:00  INFO 18916 --- [enterprise-website] [           main] com.zaxxer.hikari.pool.HikariPool        : HikariPool-1 - Added connection org.mariadb.jdbc.Connection@70bc3a9c
2026-04-29T21:48:07.489+08:00  INFO 18916 --- [enterprise-website] [           main] com.zaxxer.hikari.HikariDataSource       : HikariPool-1 - Start completed.
2026-04-29T21:48:07.530+08:00  INFO 18916 --- [enterprise-website] [           main] org.hibernate.orm.connections.pooling    : HHH10001005: Database info:
	Database JDBC URL [jdbc:mariadb://127.0.0.1/enterprise_website?user=enterprise&password=***&useUnicode=true&serverTimezone=Asia/Shanghai&characterEncoding=utf8]
	Database driver: MariaDB Connector/J
	Database dialect: MariaDBDialect
	Database version: 11.1.2
	Default catalog/schema: enterprise_website/undefined
	Autocommit mode: undefined/unknown
	Isolation level: REPEATABLE_READ [default REPEATABLE_READ]
	JDBC fetch size: none
	Pool: DataSourceConnectionProvider
	Minimum pool size: undefined/unknown
	Maximum pool size: undefined/unknown
2026-04-29T21:48:08.402+08:00  INFO 18916 --- [enterprise-website] [           main] org.hibernate.orm.core                   : HHH000489: No JTA platform available (set 'hibernate.transaction.jta.platform' to enable JTA platform integration)
2026-04-29T21:48:11.533+08:00  INFO 18916 --- [enterprise-website] [           main] j.LocalContainerEntityManagerFactoryBean : Initialized JPA EntityManagerFactory for persistence unit 'default'
2026-04-29T21:48:11.593+08:00  INFO 18916 --- [enterprise-website] [           main] o.s.d.j.r.query.QueryEnhancerFactories   : Hibernate is in classpath; If applicable, HQL parser will be used.
2026-04-29T21:48:12.102+08:00  WARN 18916 --- [enterprise-website] [           main] JpaBaseConfiguration$JpaWebConfiguration : spring.jpa.open-in-view is enabled by default. Therefore, database queries may be performed during view rendering. Explicitly configure spring.jpa.open-in-view to disable this warning
2026-04-29T21:48:12.160+08:00  WARN 18916 --- [enterprise-website] [           main] .s.a.UserDetailsServiceAutoConfiguration : 

Using generated security password: f7484dd2-8a3f-4aef-9a6d-9d04ef46d371

This generated password is for development use only. Your security configuration must be updated before running your application in production.

2026-04-29T21:48:12.172+08:00  INFO 18916 --- [enterprise-website] [           main] r$InitializeUserDetailsManagerConfigurer : Global AuthenticationManager configured with UserDetailsService bean with name inMemoryUserDetailsManager
2026-04-29T21:48:12.415+08:00  WARN 18916 --- [enterprise-website] [           main] o.s.w.s.resource.ResourceHandlerUtils    : Appended trailing slash to static resource location: file:///C:/Users/hbs/own/Course/软件开发实践/2026/ppt/project/backend/uploads/
2026-04-29T21:48:12.740+08:00  INFO 18916 --- [enterprise-website] [           main] o.s.boot.tomcat.TomcatWebServer          : Tomcat started on port 8080 (http) with context path '/'
2026-04-29T21:48:12.754+08:00  INFO 18916 --- [enterprise-website] [           main] c.e.e.EnterpriseWebsiteApplication       : Started EnterpriseWebsiteApplication in 7.502 seconds (process running for 7.92)
2026-04-29T21:48:16.920+08:00  INFO 18916 --- [enterprise-website] [nio-8080-exec-1] o.a.c.c.C.[Tomcat].[localhost].[/]       : Initializing Spring DispatcherServlet 'dispatcherServlet'
2026-04-29T21:48:16.921+08:00  INFO 18916 --- [enterprise-website] [nio-8080-exec-1] o.s.web.servlet.DispatcherServlet        : Initializing Servlet 'dispatcherServlet'
2026-04-29T21:48:16.922+08:00  INFO 18916 --- [enterprise-website] [nio-8080-exec-1] o.s.web.servlet.DispatcherServlet        : Completed initialization in 1 ms
